
*** Running vivado
    with args -log computer_top.vds -m64 -product Vivado -mode batch -messageDb vivado.pb -notrace -source computer_top.tcl


****** Vivado v2018.2.1 (64-bit)
  **** SW Build 2288692 on Thu Jul 26 18:24:02 MDT 2018
  **** IP Build 2289599 on Thu Jul 26 21:09:20 MDT 2018
    ** Copyright 1986-2018 Xilinx, Inc. All Rights Reserved.

source computer_top.tcl -notrace
Command: synth_design -top computer_top -part xc7a100tcsg324-1
Starting synth_design
Attempting to get a license for feature 'Synthesis' and/or device 'xc7a100t'
INFO: [Common 17-349] Got license for feature 'Synthesis' and/or device 'xc7a100t'
INFO: Launching helper process for spawning children vivado processes
INFO: Helper process launched with PID 10288 
---------------------------------------------------------------------------------
Starting RTL Elaboration : Time (s): cpu = 00:00:02 ; elapsed = 00:00:02 . Memory (MB): peak = 356.777 ; gain = 99.723
---------------------------------------------------------------------------------
INFO: [Synth 8-638] synthesizing module 'computer_top' [Z:/jbattista20/CS-401-1-CompArch/Lab03/mips_fpga_nexsys4_ddr/mips.srcs/sources_1/imports/new/computer_top.vhd:24]
INFO: [Synth 8-3491] module 'mips_top' declared at 'Z:/jbattista20/CS-401-1-CompArch/Lab03/mips_fpga_nexsys4_ddr/mips.srcs/sources_1/imports/new/mips_top.vhd:17' bound to instance 'mips1' of component 'mips_top' [Z:/jbattista20/CS-401-1-CompArch/Lab03/mips_fpga_nexsys4_ddr/mips.srcs/sources_1/imports/new/computer_top.vhd:65]
INFO: [Synth 8-638] synthesizing module 'mips_top' [Z:/jbattista20/CS-401-1-CompArch/Lab03/mips_fpga_nexsys4_ddr/mips.srcs/sources_1/imports/new/mips_top.vhd:29]
	Parameter width bound to: 32 - type: integer 
INFO: [Synth 8-3491] module 'mips' declared at 'Z:/jbattista20/CS-401-1-CompArch/Lab03/mips_fpga_nexsys4_ddr/mips.srcs/sources_1/imports/new/mips.vhd:14' bound to instance 'mips1' of component 'mips' [Z:/jbattista20/CS-401-1-CompArch/Lab03/mips_fpga_nexsys4_ddr/mips.srcs/sources_1/imports/new/mips_top.vhd:65]
INFO: [Synth 8-638] synthesizing module 'mips' [Z:/jbattista20/CS-401-1-CompArch/Lab03/mips_fpga_nexsys4_ddr/mips.srcs/sources_1/imports/new/mips.vhd:29]
	Parameter width bound to: 32 - type: integer 
INFO: [Synth 8-3491] module 'controller' declared at 'Z:/jbattista20/CS-401-1-CompArch/Lab03/mips_fpga_nexsys4_ddr/mips.srcs/sources_1/imports/new/mips_controller.vhd:5' bound to instance 'cont' of component 'controller' [Z:/jbattista20/CS-401-1-CompArch/Lab03/mips_fpga_nexsys4_ddr/mips.srcs/sources_1/imports/new/mips.vhd:59]
INFO: [Synth 8-638] synthesizing module 'controller' [Z:/jbattista20/CS-401-1-CompArch/Lab03/mips_fpga_nexsys4_ddr/mips.srcs/sources_1/imports/new/mips_controller.vhd:15]
INFO: [Synth 8-3491] module 'maindec' declared at 'Z:/jbattista20/CS-401-1-CompArch/Lab03/mips_fpga_nexsys4_ddr/mips.srcs/sources_1/imports/new/mips_decoder_main.vhd:5' bound to instance 'md' of component 'maindec' [Z:/jbattista20/CS-401-1-CompArch/Lab03/mips_fpga_nexsys4_ddr/mips.srcs/sources_1/imports/new/mips_controller.vhd:32]
INFO: [Synth 8-638] synthesizing module 'maindec' [Z:/jbattista20/CS-401-1-CompArch/Lab03/mips_fpga_nexsys4_ddr/mips.srcs/sources_1/imports/new/mips_decoder_main.vhd:14]
INFO: [Synth 8-256] done synthesizing module 'maindec' (1#1) [Z:/jbattista20/CS-401-1-CompArch/Lab03/mips_fpga_nexsys4_ddr/mips.srcs/sources_1/imports/new/mips_decoder_main.vhd:14]
INFO: [Synth 8-3491] module 'aludec' declared at 'Z:/jbattista20/CS-401-1-CompArch/Lab03/mips_fpga_nexsys4_ddr/mips.srcs/sources_1/imports/new/mips_decoder_alu.vhd:4' bound to instance 'ad' of component 'aludec' [Z:/jbattista20/CS-401-1-CompArch/Lab03/mips_fpga_nexsys4_ddr/mips.srcs/sources_1/imports/new/mips_controller.vhd:34]
INFO: [Synth 8-638] synthesizing module 'aludec' [Z:/jbattista20/CS-401-1-CompArch/Lab03/mips_fpga_nexsys4_ddr/mips.srcs/sources_1/imports/new/mips_decoder_alu.vhd:10]
INFO: [Synth 8-256] done synthesizing module 'aludec' (2#1) [Z:/jbattista20/CS-401-1-CompArch/Lab03/mips_fpga_nexsys4_ddr/mips.srcs/sources_1/imports/new/mips_decoder_alu.vhd:10]
INFO: [Synth 8-256] done synthesizing module 'controller' (3#1) [Z:/jbattista20/CS-401-1-CompArch/Lab03/mips_fpga_nexsys4_ddr/mips.srcs/sources_1/imports/new/mips_controller.vhd:15]
	Parameter width bound to: 32 - type: integer 
INFO: [Synth 8-3491] module 'datapath' declared at 'Z:/jbattista20/CS-401-1-CompArch/Lab03/mips_fpga_nexsys4_ddr/mips.srcs/sources_1/imports/new/mips_datapath.vhd:6' bound to instance 'dp' of component 'datapath' [Z:/jbattista20/CS-401-1-CompArch/Lab03/mips_fpga_nexsys4_ddr/mips.srcs/sources_1/imports/new/mips.vhd:65]
INFO: [Synth 8-638] synthesizing module 'datapath' [Z:/jbattista20/CS-401-1-CompArch/Lab03/mips_fpga_nexsys4_ddr/mips.srcs/sources_1/imports/new/mips_datapath.vhd:20]
	Parameter width bound to: 32 - type: integer 
	Parameter width bound to: 32 - type: integer 
INFO: [Synth 8-3491] module 'flopr' declared at 'Z:/jbattista20/CS-401-1-CompArch/Lab03/mips_fpga_nexsys4_ddr/mips.srcs/sources_1/imports/new/mips_flip_flop_register.vhd:5' bound to instance 'pcreg' of component 'flopr' [Z:/jbattista20/CS-401-1-CompArch/Lab03/mips_fpga_nexsys4_ddr/mips.srcs/sources_1/imports/new/mips_datapath.vhd:88]
INFO: [Synth 8-638] synthesizing module 'flopr' [Z:/jbattista20/CS-401-1-CompArch/Lab03/mips_fpga_nexsys4_ddr/mips.srcs/sources_1/imports/new/mips_flip_flop_register.vhd:12]
	Parameter width bound to: 32 - type: integer 
INFO: [Synth 8-256] done synthesizing module 'flopr' (4#1) [Z:/jbattista20/CS-401-1-CompArch/Lab03/mips_fpga_nexsys4_ddr/mips.srcs/sources_1/imports/new/mips_flip_flop_register.vhd:12]
	Parameter width bound to: 32 - type: integer 
INFO: [Synth 8-3491] module 'adder' declared at 'Z:/jbattista20/CS-401-1-CompArch/Lab03/mips_fpga_nexsys4_ddr/mips.srcs/sources_1/imports/new/mips_adder.vhd:7' bound to instance 'pcadd1' of component 'adder' [Z:/jbattista20/CS-401-1-CompArch/Lab03/mips_fpga_nexsys4_ddr/mips.srcs/sources_1/imports/new/mips_datapath.vhd:89]
INFO: [Synth 8-638] synthesizing module 'adder' [Z:/jbattista20/CS-401-1-CompArch/Lab03/mips_fpga_nexsys4_ddr/mips.srcs/sources_1/imports/new/mips_adder.vhd:13]
	Parameter width bound to: 32 - type: integer 
INFO: [Synth 8-256] done synthesizing module 'adder' (5#1) [Z:/jbattista20/CS-401-1-CompArch/Lab03/mips_fpga_nexsys4_ddr/mips.srcs/sources_1/imports/new/mips_adder.vhd:13]
	Parameter width bound to: 32 - type: integer 
INFO: [Synth 8-3491] module 'sl2' declared at 'Z:/jbattista20/CS-401-1-CompArch/Lab03/mips_fpga_nexsys4_ddr/mips.srcs/sources_1/imports/new/mips_shift_left_by_2.vhd:7' bound to instance 'immsh' of component 'sl2' [Z:/jbattista20/CS-401-1-CompArch/Lab03/mips_fpga_nexsys4_ddr/mips.srcs/sources_1/imports/new/mips_datapath.vhd:90]
INFO: [Synth 8-638] synthesizing module 'sl2' [Z:/jbattista20/CS-401-1-CompArch/Lab03/mips_fpga_nexsys4_ddr/mips.srcs/sources_1/imports/new/mips_shift_left_by_2.vhd:13]
	Parameter width bound to: 32 - type: integer 
INFO: [Synth 8-256] done synthesizing module 'sl2' (6#1) [Z:/jbattista20/CS-401-1-CompArch/Lab03/mips_fpga_nexsys4_ddr/mips.srcs/sources_1/imports/new/mips_shift_left_by_2.vhd:13]
	Parameter width bound to: 32 - type: integer 
INFO: [Synth 8-3491] module 'adder' declared at 'Z:/jbattista20/CS-401-1-CompArch/Lab03/mips_fpga_nexsys4_ddr/mips.srcs/sources_1/imports/new/mips_adder.vhd:7' bound to instance 'pcadd2' of component 'adder' [Z:/jbattista20/CS-401-1-CompArch/Lab03/mips_fpga_nexsys4_ddr/mips.srcs/sources_1/imports/new/mips_datapath.vhd:91]
	Parameter width bound to: 32 - type: integer 
INFO: [Synth 8-3491] module 'mux2' declared at 'Z:/jbattista20/CS-401-1-CompArch/Lab03/mips_fpga_nexsys4_ddr/mips.srcs/sources_1/imports/new/mips_multiplexer_2_input.vhd:4' bound to instance 'pcbrmux' of component 'mux2' [Z:/jbattista20/CS-401-1-CompArch/Lab03/mips_fpga_nexsys4_ddr/mips.srcs/sources_1/imports/new/mips_datapath.vhd:92]
INFO: [Synth 8-638] synthesizing module 'mux2' [Z:/jbattista20/CS-401-1-CompArch/Lab03/mips_fpga_nexsys4_ddr/mips.srcs/sources_1/imports/new/mips_multiplexer_2_input.vhd:11]
	Parameter width bound to: 32 - type: integer 
INFO: [Synth 8-256] done synthesizing module 'mux2' (7#1) [Z:/jbattista20/CS-401-1-CompArch/Lab03/mips_fpga_nexsys4_ddr/mips.srcs/sources_1/imports/new/mips_multiplexer_2_input.vhd:11]
	Parameter width bound to: 32 - type: integer 
INFO: [Synth 8-3491] module 'mux2' declared at 'Z:/jbattista20/CS-401-1-CompArch/Lab03/mips_fpga_nexsys4_ddr/mips.srcs/sources_1/imports/new/mips_multiplexer_2_input.vhd:4' bound to instance 'pcmux' of component 'mux2' [Z:/jbattista20/CS-401-1-CompArch/Lab03/mips_fpga_nexsys4_ddr/mips.srcs/sources_1/imports/new/mips_datapath.vhd:93]
	Parameter width bound to: 32 - type: integer 
INFO: [Synth 8-3491] module 'regfile' declared at 'Z:/jbattista20/CS-401-1-CompArch/Lab03/mips_fpga_nexsys4_ddr/mips.srcs/sources_1/imports/new/mips_register_file.vhd:11' bound to instance 'rf' of component 'regfile' [Z:/jbattista20/CS-401-1-CompArch/Lab03/mips_fpga_nexsys4_ddr/mips.srcs/sources_1/imports/new/mips_datapath.vhd:96]
INFO: [Synth 8-638] synthesizing module 'regfile' [Z:/jbattista20/CS-401-1-CompArch/Lab03/mips_fpga_nexsys4_ddr/mips.srcs/sources_1/imports/new/mips_register_file.vhd:21]
	Parameter width bound to: 32 - type: integer 
INFO: [Synth 8-256] done synthesizing module 'regfile' (8#1) [Z:/jbattista20/CS-401-1-CompArch/Lab03/mips_fpga_nexsys4_ddr/mips.srcs/sources_1/imports/new/mips_register_file.vhd:21]
	Parameter width bound to: 5 - type: integer 
INFO: [Synth 8-3491] module 'mux2' declared at 'Z:/jbattista20/CS-401-1-CompArch/Lab03/mips_fpga_nexsys4_ddr/mips.srcs/sources_1/imports/new/mips_multiplexer_2_input.vhd:4' bound to instance 'wrmux' of component 'mux2' [Z:/jbattista20/CS-401-1-CompArch/Lab03/mips_fpga_nexsys4_ddr/mips.srcs/sources_1/imports/new/mips_datapath.vhd:103]
INFO: [Synth 8-638] synthesizing module 'mux2__parameterized2' [Z:/jbattista20/CS-401-1-CompArch/Lab03/mips_fpga_nexsys4_ddr/mips.srcs/sources_1/imports/new/mips_multiplexer_2_input.vhd:11]
	Parameter width bound to: 5 - type: integer 
INFO: [Synth 8-256] done synthesizing module 'mux2__parameterized2' (8#1) [Z:/jbattista20/CS-401-1-CompArch/Lab03/mips_fpga_nexsys4_ddr/mips.srcs/sources_1/imports/new/mips_multiplexer_2_input.vhd:11]
	Parameter width bound to: 32 - type: integer 
INFO: [Synth 8-3491] module 'mux2' declared at 'Z:/jbattista20/CS-401-1-CompArch/Lab03/mips_fpga_nexsys4_ddr/mips.srcs/sources_1/imports/new/mips_multiplexer_2_input.vhd:4' bound to instance 'resmux' of component 'mux2' [Z:/jbattista20/CS-401-1-CompArch/Lab03/mips_fpga_nexsys4_ddr/mips.srcs/sources_1/imports/new/mips_datapath.vhd:107]
	Parameter width bound to: 32 - type: integer 
INFO: [Synth 8-3491] module 'signext' declared at 'Z:/jbattista20/CS-401-1-CompArch/Lab03/mips_fpga_nexsys4_ddr/mips.srcs/sources_1/imports/new/mips_sign_extender.vhd:5' bound to instance 'se' of component 'signext' [Z:/jbattista20/CS-401-1-CompArch/Lab03/mips_fpga_nexsys4_ddr/mips.srcs/sources_1/imports/new/mips_datapath.vhd:111]
INFO: [Synth 8-638] synthesizing module 'signext' [Z:/jbattista20/CS-401-1-CompArch/Lab03/mips_fpga_nexsys4_ddr/mips.srcs/sources_1/imports/new/mips_sign_extender.vhd:11]
	Parameter width bound to: 32 - type: integer 
INFO: [Synth 8-256] done synthesizing module 'signext' (9#1) [Z:/jbattista20/CS-401-1-CompArch/Lab03/mips_fpga_nexsys4_ddr/mips.srcs/sources_1/imports/new/mips_sign_extender.vhd:11]
	Parameter width bound to: 32 - type: integer 
INFO: [Synth 8-3491] module 'mux2' declared at 'Z:/jbattista20/CS-401-1-CompArch/Lab03/mips_fpga_nexsys4_ddr/mips.srcs/sources_1/imports/new/mips_multiplexer_2_input.vhd:4' bound to instance 'srcbmux' of component 'mux2' [Z:/jbattista20/CS-401-1-CompArch/Lab03/mips_fpga_nexsys4_ddr/mips.srcs/sources_1/imports/new/mips_datapath.vhd:114]
	Parameter width bound to: 32 - type: integer 
INFO: [Synth 8-3491] module 'alu' declared at 'Z:/jbattista20/CS-401-1-CompArch/Lab03/mips_fpga_nexsys4_ddr/mips.srcs/sources_1/imports/new/mips_alu.vhd:8' bound to instance 'mainalu' of component 'alu' [Z:/jbattista20/CS-401-1-CompArch/Lab03/mips_fpga_nexsys4_ddr/mips.srcs/sources_1/imports/new/mips_datapath.vhd:118]
INFO: [Synth 8-638] synthesizing module 'alu' [Z:/jbattista20/CS-401-1-CompArch/Lab03/mips_fpga_nexsys4_ddr/mips.srcs/sources_1/imports/new/mips_alu.vhd:16]
	Parameter width bound to: 32 - type: integer 
INFO: [Synth 8-226] default block is never used [Z:/jbattista20/CS-401-1-CompArch/Lab03/mips_fpga_nexsys4_ddr/mips.srcs/sources_1/imports/new/mips_alu.vhd:31]
INFO: [Synth 8-256] done synthesizing module 'alu' (10#1) [Z:/jbattista20/CS-401-1-CompArch/Lab03/mips_fpga_nexsys4_ddr/mips.srcs/sources_1/imports/new/mips_alu.vhd:16]
INFO: [Synth 8-256] done synthesizing module 'datapath' (11#1) [Z:/jbattista20/CS-401-1-CompArch/Lab03/mips_fpga_nexsys4_ddr/mips.srcs/sources_1/imports/new/mips_datapath.vhd:20]
INFO: [Synth 8-256] done synthesizing module 'mips' (12#1) [Z:/jbattista20/CS-401-1-CompArch/Lab03/mips_fpga_nexsys4_ddr/mips.srcs/sources_1/imports/new/mips.vhd:29]
	Parameter width bound to: 32 - type: integer 
INFO: [Synth 8-3491] module 'imem' declared at 'Z:/jbattista20/CS-401-1-CompArch/Lab03/mips_fpga_nexsys4_ddr/mips.srcs/sources_1/imports/new/mips_mem_instructions.vhd:10' bound to instance 'imem1' of component 'imem' [Z:/jbattista20/CS-401-1-CompArch/Lab03/mips_fpga_nexsys4_ddr/mips.srcs/sources_1/imports/new/mips_top.vhd:68]
INFO: [Synth 8-638] synthesizing module 'imem' [Z:/jbattista20/CS-401-1-CompArch/Lab03/mips_fpga_nexsys4_ddr/mips.srcs/sources_1/imports/new/mips_mem_instructions.vhd:16]
	Parameter width bound to: 32 - type: integer 
INFO: [Synth 8-256] done synthesizing module 'imem' (13#1) [Z:/jbattista20/CS-401-1-CompArch/Lab03/mips_fpga_nexsys4_ddr/mips.srcs/sources_1/imports/new/mips_mem_instructions.vhd:16]
	Parameter width bound to: 32 - type: integer 
INFO: [Synth 8-3491] module 'dmem' declared at 'Z:/jbattista20/CS-401-1-CompArch/Lab03/mips_fpga_nexsys4_ddr/mips.srcs/sources_1/imports/new/mips_mem_data.vhd:11' bound to instance 'dmem1' of component 'dmem' [Z:/jbattista20/CS-401-1-CompArch/Lab03/mips_fpga_nexsys4_ddr/mips.srcs/sources_1/imports/new/mips_top.vhd:69]
INFO: [Synth 8-638] synthesizing module 'dmem' [Z:/jbattista20/CS-401-1-CompArch/Lab03/mips_fpga_nexsys4_ddr/mips.srcs/sources_1/imports/new/mips_mem_data.vhd:18]
	Parameter width bound to: 32 - type: integer 
INFO: [Synth 8-256] done synthesizing module 'dmem' (14#1) [Z:/jbattista20/CS-401-1-CompArch/Lab03/mips_fpga_nexsys4_ddr/mips.srcs/sources_1/imports/new/mips_mem_data.vhd:18]
INFO: [Synth 8-256] done synthesizing module 'mips_top' (15#1) [Z:/jbattista20/CS-401-1-CompArch/Lab03/mips_fpga_nexsys4_ddr/mips.srcs/sources_1/imports/new/mips_top.vhd:29]
INFO: [Synth 8-3491] module 'display_hex' declared at 'Z:/jbattista20/CS-401-1-CompArch/Lab03/mips_fpga_nexsys4_ddr/mips.srcs/sources_1/imports/new/display_hex.vhd:5' bound to instance 'display' of component 'display_hex' [Z:/jbattista20/CS-401-1-CompArch/Lab03/mips_fpga_nexsys4_ddr/mips.srcs/sources_1/imports/new/computer_top.vhd:67]
INFO: [Synth 8-638] synthesizing module 'display_hex' [Z:/jbattista20/CS-401-1-CompArch/Lab03/mips_fpga_nexsys4_ddr/mips.srcs/sources_1/imports/new/display_hex.vhd:17]
WARNING: [Synth 8-614] signal 'x' is read in the process but is not in the sensitivity list [Z:/jbattista20/CS-401-1-CompArch/Lab03/mips_fpga_nexsys4_ddr/mips.srcs/sources_1/imports/new/display_hex.vhd:35]
INFO: [Synth 8-256] done synthesizing module 'display_hex' (16#1) [Z:/jbattista20/CS-401-1-CompArch/Lab03/mips_fpga_nexsys4_ddr/mips.srcs/sources_1/imports/new/display_hex.vhd:17]
INFO: [Synth 8-256] done synthesizing module 'computer_top' (17#1) [Z:/jbattista20/CS-401-1-CompArch/Lab03/mips_fpga_nexsys4_ddr/mips.srcs/sources_1/imports/new/computer_top.vhd:24]
WARNING: [Synth 8-3331] design dmem has unconnected port a[31]
WARNING: [Synth 8-3331] design dmem has unconnected port a[30]
WARNING: [Synth 8-3331] design dmem has unconnected port a[29]
WARNING: [Synth 8-3331] design dmem has unconnected port a[28]
WARNING: [Synth 8-3331] design dmem has unconnected port a[27]
WARNING: [Synth 8-3331] design dmem has unconnected port a[26]
WARNING: [Synth 8-3331] design dmem has unconnected port a[25]
WARNING: [Synth 8-3331] design dmem has unconnected port a[24]
WARNING: [Synth 8-3331] design dmem has unconnected port a[23]
WARNING: [Synth 8-3331] design dmem has unconnected port a[22]
WARNING: [Synth 8-3331] design dmem has unconnected port a[21]
WARNING: [Synth 8-3331] design dmem has unconnected port a[20]
WARNING: [Synth 8-3331] design dmem has unconnected port a[19]
WARNING: [Synth 8-3331] design dmem has unconnected port a[18]
WARNING: [Synth 8-3331] design dmem has unconnected port a[17]
WARNING: [Synth 8-3331] design dmem has unconnected port a[16]
WARNING: [Synth 8-3331] design dmem has unconnected port a[15]
WARNING: [Synth 8-3331] design dmem has unconnected port a[14]
WARNING: [Synth 8-3331] design dmem has unconnected port a[13]
WARNING: [Synth 8-3331] design dmem has unconnected port a[12]
WARNING: [Synth 8-3331] design dmem has unconnected port a[11]
WARNING: [Synth 8-3331] design dmem has unconnected port a[10]
WARNING: [Synth 8-3331] design dmem has unconnected port a[9]
WARNING: [Synth 8-3331] design dmem has unconnected port a[8]
WARNING: [Synth 8-3331] design dmem has unconnected port a[1]
WARNING: [Synth 8-3331] design dmem has unconnected port a[0]
WARNING: [Synth 8-3331] design sl2 has unconnected port a[31]
WARNING: [Synth 8-3331] design sl2 has unconnected port a[30]
WARNING: [Synth 8-3331] design datapath has unconnected port instr[31]
WARNING: [Synth 8-3331] design datapath has unconnected port instr[30]
WARNING: [Synth 8-3331] design datapath has unconnected port instr[29]
WARNING: [Synth 8-3331] design datapath has unconnected port instr[28]
WARNING: [Synth 8-3331] design datapath has unconnected port instr[27]
WARNING: [Synth 8-3331] design datapath has unconnected port instr[26]
---------------------------------------------------------------------------------
Finished RTL Elaboration : Time (s): cpu = 00:00:03 ; elapsed = 00:00:03 . Memory (MB): peak = 412.695 ; gain = 155.641
---------------------------------------------------------------------------------

Report Check Netlist: 
+------+------------------+-------+---------+-------+------------------+
|      |Item              |Errors |Warnings |Status |Description       |
+------+------------------+-------+---------+-------+------------------+
|1     |multi_driven_nets |      0|        0|Passed |Multi driven nets |
+------+------------------+-------+---------+-------+------------------+
---------------------------------------------------------------------------------
Start Handling Custom Attributes
---------------------------------------------------------------------------------
---------------------------------------------------------------------------------
Finished Handling Custom Attributes : Time (s): cpu = 00:00:03 ; elapsed = 00:00:04 . Memory (MB): peak = 412.695 ; gain = 155.641
---------------------------------------------------------------------------------
---------------------------------------------------------------------------------
Finished RTL Optimization Phase 1 : Time (s): cpu = 00:00:03 ; elapsed = 00:00:04 . Memory (MB): peak = 412.695 ; gain = 155.641
---------------------------------------------------------------------------------
INFO: [Device 21-403] Loading part xc7a100tcsg324-1
INFO: [Project 1-570] Preparing netlist for logic optimization

Processing XDC Constraints
Initializing timing engine
Parsing XDC File [Z:/jbattista20/CS-401-1-CompArch/Lab03/mips_fpga_nexsys4_ddr/mips.srcs/constrs_1/imports/Desktop/Nexys4DDR_Master.xdc]
Finished Parsing XDC File [Z:/jbattista20/CS-401-1-CompArch/Lab03/mips_fpga_nexsys4_ddr/mips.srcs/constrs_1/imports/Desktop/Nexys4DDR_Master.xdc]
INFO: [Project 1-236] Implementation specific constraints were found while reading constraint file [Z:/jbattista20/CS-401-1-CompArch/Lab03/mips_fpga_nexsys4_ddr/mips.srcs/constrs_1/imports/Desktop/Nexys4DDR_Master.xdc]. These constraints will be ignored for synthesis but will be used in implementation. Impacted constraints are listed in the file [.Xil/computer_top_propImpl.xdc].
Resolution: To avoid this warning, move constraints listed in [.Xil/computer_top_propImpl.xdc] to another XDC file and exclude this new file from synthesis with the used_in_synthesis property (File Properties dialog in GUI) and re-run elaboration/synthesis.
Completed Processing XDC Constraints

INFO: [Project 1-111] Unisim Transformation Summary:
No Unisim elements were transformed.

Constraint Validation Runtime : Time (s): cpu = 00:00:00 ; elapsed = 00:00:00.005 . Memory (MB): peak = 751.371 ; gain = 0.000
---------------------------------------------------------------------------------
Finished Constraint Validation : Time (s): cpu = 00:00:11 ; elapsed = 00:00:14 . Memory (MB): peak = 751.371 ; gain = 494.316
---------------------------------------------------------------------------------
---------------------------------------------------------------------------------
Start Loading Part and Timing Information
---------------------------------------------------------------------------------
Loading part: xc7a100tcsg324-1
---------------------------------------------------------------------------------
Finished Loading Part and Timing Information : Time (s): cpu = 00:00:11 ; elapsed = 00:00:14 . Memory (MB): peak = 751.371 ; gain = 494.316
---------------------------------------------------------------------------------
---------------------------------------------------------------------------------
Start Applying 'set_property' XDC Constraints
---------------------------------------------------------------------------------
---------------------------------------------------------------------------------
Finished applying 'set_property' XDC Constraints : Time (s): cpu = 00:00:11 ; elapsed = 00:00:14 . Memory (MB): peak = 751.371 ; gain = 494.316
---------------------------------------------------------------------------------
INFO: [Synth 8-5546] ROM "mem" won't be mapped to RAM because it is too sparse
---------------------------------------------------------------------------------
Finished RTL Optimization Phase 2 : Time (s): cpu = 00:00:11 ; elapsed = 00:00:15 . Memory (MB): peak = 751.371 ; gain = 494.316
---------------------------------------------------------------------------------

Report RTL Partitions: 
+-+--------------+------------+----------+
| |RTL Partition |Replication |Instances |
+-+--------------+------------+----------+
+-+--------------+------------+----------+
---------------------------------------------------------------------------------
Start RTL Component Statistics 
---------------------------------------------------------------------------------
Detailed RTL Component Info : 
+---Adders : 
	   2 Input     32 Bit       Adders := 2     
	   3 Input     32 Bit       Adders := 1     
+---XORs : 
	   2 Input     32 Bit         XORs := 1     
+---Registers : 
	               32 Bit    Registers := 1     
+---Muxes : 
	   2 Input     32 Bit        Muxes := 8     
	   4 Input     32 Bit        Muxes := 1     
	  65 Input     32 Bit        Muxes := 1     
	   9 Input      9 Bit        Muxes := 1     
	   2 Input      5 Bit        Muxes := 1     
	   2 Input      4 Bit        Muxes := 1     
	   9 Input      3 Bit        Muxes := 1     
	   2 Input      1 Bit        Muxes := 1     
---------------------------------------------------------------------------------
Finished RTL Component Statistics 
---------------------------------------------------------------------------------
---------------------------------------------------------------------------------
Start RTL Hierarchical Component Statistics 
---------------------------------------------------------------------------------
Hierarchical RTL Component report 
Module maindec 
Detailed RTL Component Info : 
+---Muxes : 
	   9 Input      9 Bit        Muxes := 1     
Module aludec 
Detailed RTL Component Info : 
+---Muxes : 
	   9 Input      3 Bit        Muxes := 1     
Module controller 
Detailed RTL Component Info : 
+---Muxes : 
	   2 Input      1 Bit        Muxes := 1     
Module flopr 
Detailed RTL Component Info : 
+---Registers : 
	               32 Bit    Registers := 1     
Module adder 
Detailed RTL Component Info : 
+---Adders : 
	   2 Input     32 Bit       Adders := 1     
Module mux2 
Detailed RTL Component Info : 
+---Muxes : 
	   2 Input     32 Bit        Muxes := 1     
Module regfile 
Detailed RTL Component Info : 
+---Muxes : 
	   2 Input     32 Bit        Muxes := 2     
Module mux2__parameterized2 
Detailed RTL Component Info : 
+---Muxes : 
	   2 Input      5 Bit        Muxes := 1     
Module signext 
Detailed RTL Component Info : 
+---Muxes : 
	   2 Input     32 Bit        Muxes := 1     
Module alu 
Detailed RTL Component Info : 
+---Adders : 
	   3 Input     32 Bit       Adders := 1     
+---XORs : 
	   2 Input     32 Bit         XORs := 1     
+---Muxes : 
	   2 Input     32 Bit        Muxes := 1     
	   4 Input     32 Bit        Muxes := 1     
Module imem 
Detailed RTL Component Info : 
+---Muxes : 
	  65 Input     32 Bit        Muxes := 1     
Module display_hex 
Detailed RTL Component Info : 
+---Muxes : 
	   2 Input      4 Bit        Muxes := 1     
---------------------------------------------------------------------------------
Finished RTL Hierarchical Component Statistics
---------------------------------------------------------------------------------
---------------------------------------------------------------------------------
Start Part Resource Summary
---------------------------------------------------------------------------------
Part Resources:
DSPs: 240 (col length:80)
BRAMs: 270 (col length: RAMB18 80 RAMB36 40)
---------------------------------------------------------------------------------
Finished Part Resource Summary
---------------------------------------------------------------------------------
---------------------------------------------------------------------------------
Start Cross Boundary and Area Optimization
---------------------------------------------------------------------------------
Warning: Parallel synthesis criteria is not met 
WARNING: [Synth 8-3917] design computer_top has port DP driven by constant 1
WARNING: [Synth 8-6014] Unused sequential element mips1/dmem1/mem_reg was removed. 
WARNING: [Synth 8-3332] Sequential element (mips1/mips1/dp/pcreg/q_reg[31]) is unused and will be removed from module computer_top.
WARNING: [Synth 8-3332] Sequential element (mips1/mips1/dp/pcreg/q_reg[30]) is unused and will be removed from module computer_top.
WARNING: [Synth 8-3332] Sequential element (mips1/mips1/dp/pcreg/q_reg[29]) is unused and will be removed from module computer_top.
WARNING: [Synth 8-3332] Sequential element (mips1/mips1/dp/pcreg/q_reg[28]) is unused and will be removed from module computer_top.
WARNING: [Synth 8-3332] Sequential element (mips1/mips1/dp/pcreg/q_reg[27]) is unused and will be removed from module computer_top.
WARNING: [Synth 8-3332] Sequential element (mips1/mips1/dp/pcreg/q_reg[26]) is unused and will be removed from module computer_top.
WARNING: [Synth 8-3332] Sequential element (mips1/mips1/dp/pcreg/q_reg[25]) is unused and will be removed from module computer_top.
WARNING: [Synth 8-3332] Sequential element (mips1/mips1/dp/pcreg/q_reg[24]) is unused and will be removed from module computer_top.
WARNING: [Synth 8-3332] Sequential element (mips1/mips1/dp/pcreg/q_reg[23]) is unused and will be removed from module computer_top.
WARNING: [Synth 8-3332] Sequential element (mips1/mips1/dp/pcreg/q_reg[22]) is unused and will be removed from module computer_top.
WARNING: [Synth 8-3332] Sequential element (mips1/mips1/dp/pcreg/q_reg[21]) is unused and will be removed from module computer_top.
WARNING: [Synth 8-3332] Sequential element (mips1/mips1/dp/pcreg/q_reg[20]) is unused and will be removed from module computer_top.
WARNING: [Synth 8-3332] Sequential element (mips1/mips1/dp/pcreg/q_reg[19]) is unused and will be removed from module computer_top.
WARNING: [Synth 8-3332] Sequential element (mips1/mips1/dp/pcreg/q_reg[18]) is unused and will be removed from module computer_top.
WARNING: [Synth 8-3332] Sequential element (mips1/mips1/dp/pcreg/q_reg[17]) is unused and will be removed from module computer_top.
WARNING: [Synth 8-3332] Sequential element (mips1/mips1/dp/pcreg/q_reg[16]) is unused and will be removed from module computer_top.
WARNING: [Synth 8-3332] Sequential element (mips1/mips1/dp/pcreg/q_reg[15]) is unused and will be removed from module computer_top.
WARNING: [Synth 8-3332] Sequential element (mips1/mips1/dp/pcreg/q_reg[14]) is unused and will be removed from module computer_top.
WARNING: [Synth 8-3332] Sequential element (mips1/mips1/dp/pcreg/q_reg[13]) is unused and will be removed from module computer_top.
WARNING: [Synth 8-3332] Sequential element (mips1/mips1/dp/pcreg/q_reg[12]) is unused and will be removed from module computer_top.
WARNING: [Synth 8-3332] Sequential element (mips1/mips1/dp/pcreg/q_reg[11]) is unused and will be removed from module computer_top.
WARNING: [Synth 8-3332] Sequential element (mips1/mips1/dp/pcreg/q_reg[10]) is unused and will be removed from module computer_top.
WARNING: [Synth 8-3332] Sequential element (mips1/mips1/dp/pcreg/q_reg[9]) is unused and will be removed from module computer_top.
WARNING: [Synth 8-3332] Sequential element (mips1/mips1/dp/pcreg/q_reg[8]) is unused and will be removed from module computer_top.
WARNING: [Synth 8-3332] Sequential element (mips1/mips1/dp/pcreg/q_reg[0]) is unused and will be removed from module computer_top.
---------------------------------------------------------------------------------
Finished Cross Boundary and Area Optimization : Time (s): cpu = 00:00:13 ; elapsed = 00:00:17 . Memory (MB): peak = 751.371 ; gain = 494.316
---------------------------------------------------------------------------------
---------------------------------------------------------------------------------
Start ROM, RAM, DSP and Shift Register Reporting
---------------------------------------------------------------------------------

Distributed RAM: Preliminary Mapping  Report (see note below)
+-------------+---------------------------+-----------+----------------------+---------------+
|Module Name  | RTL Object                | Inference | Size (Depth x Width) | Primitives    | 
+-------------+---------------------------+-----------+----------------------+---------------+
|computer_top | mips1/mips1/dp/rf/mem_reg | Implied   | 32 x 32              | RAM32M x 12   | 
+-------------+---------------------------+-----------+----------------------+---------------+

Note: The table above is a preliminary report that shows the Distributed RAMs at the current stage of the synthesis flow. Some Distributed RAMs may be reimplemented as non Distributed RAM primitives later in the synthesis flow. Multiple instantiated RAMs are reported only once.
---------------------------------------------------------------------------------
Finished ROM, RAM, DSP and Shift Register Reporting
---------------------------------------------------------------------------------

Report RTL Partitions: 
+-+--------------+------------+----------+
| |RTL Partition |Replication |Instances |
+-+--------------+------------+----------+
+-+--------------+------------+----------+
---------------------------------------------------------------------------------
Start Applying XDC Timing Constraints
---------------------------------------------------------------------------------
---------------------------------------------------------------------------------
Finished Applying XDC Timing Constraints : Time (s): cpu = 00:00:20 ; elapsed = 00:00:26 . Memory (MB): peak = 753.375 ; gain = 496.320
---------------------------------------------------------------------------------
---------------------------------------------------------------------------------
Start Timing Optimization
---------------------------------------------------------------------------------
---------------------------------------------------------------------------------
Finished Timing Optimization : Time (s): cpu = 00:00:20 ; elapsed = 00:00:26 . Memory (MB): peak = 753.598 ; gain = 496.543
---------------------------------------------------------------------------------
---------------------------------------------------------------------------------
Start ROM, RAM, DSP and Shift Register Reporting
---------------------------------------------------------------------------------

Distributed RAM: Final Mapping  Report
+-------------+---------------------------+-----------+----------------------+---------------+
|Module Name  | RTL Object                | Inference | Size (Depth x Width) | Primitives    | 
+-------------+---------------------------+-----------+----------------------+---------------+
|computer_top | mips1/mips1/dp/rf/mem_reg | Implied   | 32 x 32              | RAM32M x 12   | 
+-------------+---------------------------+-----------+----------------------+---------------+

---------------------------------------------------------------------------------
Finished ROM, RAM, DSP and Shift Register Reporting
---------------------------------------------------------------------------------

Report RTL Partitions: 
+-+--------------+------------+----------+
| |RTL Partition |Replication |Instances |
+-+--------------+------------+----------+
+-+--------------+------------+----------+
---------------------------------------------------------------------------------
Start Technology Mapping
---------------------------------------------------------------------------------
---------------------------------------------------------------------------------
Finished Technology Mapping : Time (s): cpu = 00:00:20 ; elapsed = 00:00:26 . Memory (MB): peak = 779.980 ; gain = 522.926
---------------------------------------------------------------------------------

Report RTL Partitions: 
+-+--------------+------------+----------+
| |RTL Partition |Replication |Instances |
+-+--------------+------------+----------+
+-+--------------+------------+----------+
---------------------------------------------------------------------------------
Start IO Insertion
---------------------------------------------------------------------------------
---------------------------------------------------------------------------------
Start Flattening Before IO Insertion
---------------------------------------------------------------------------------
---------------------------------------------------------------------------------
Finished Flattening Before IO Insertion
---------------------------------------------------------------------------------
---------------------------------------------------------------------------------
Start Final Netlist Cleanup
---------------------------------------------------------------------------------
---------------------------------------------------------------------------------
Finished Final Netlist Cleanup
---------------------------------------------------------------------------------
---------------------------------------------------------------------------------
Finished IO Insertion : Time (s): cpu = 00:00:21 ; elapsed = 00:00:27 . Memory (MB): peak = 779.980 ; gain = 522.926
---------------------------------------------------------------------------------

Report Check Netlist: 
+------+------------------+-------+---------+-------+------------------+
|      |Item              |Errors |Warnings |Status |Description       |
+------+------------------+-------+---------+-------+------------------+
|1     |multi_driven_nets |      0|        0|Passed |Multi driven nets |
+------+------------------+-------+---------+-------+------------------+
---------------------------------------------------------------------------------
Start Renaming Generated Instances
---------------------------------------------------------------------------------
---------------------------------------------------------------------------------
Finished Renaming Generated Instances : Time (s): cpu = 00:00:21 ; elapsed = 00:00:27 . Memory (MB): peak = 779.980 ; gain = 522.926
---------------------------------------------------------------------------------

Report RTL Partitions: 
+-+--------------+------------+----------+
| |RTL Partition |Replication |Instances |
+-+--------------+------------+----------+
+-+--------------+------------+----------+
---------------------------------------------------------------------------------
Start Rebuilding User Hierarchy
---------------------------------------------------------------------------------
---------------------------------------------------------------------------------
Finished Rebuilding User Hierarchy : Time (s): cpu = 00:00:21 ; elapsed = 00:00:27 . Memory (MB): peak = 779.980 ; gain = 522.926
---------------------------------------------------------------------------------
---------------------------------------------------------------------------------
Start Renaming Generated Ports
---------------------------------------------------------------------------------
---------------------------------------------------------------------------------
Finished Renaming Generated Ports : Time (s): cpu = 00:00:21 ; elapsed = 00:00:27 . Memory (MB): peak = 779.980 ; gain = 522.926
---------------------------------------------------------------------------------
---------------------------------------------------------------------------------
Start Handling Custom Attributes
---------------------------------------------------------------------------------
---------------------------------------------------------------------------------
Finished Handling Custom Attributes : Time (s): cpu = 00:00:22 ; elapsed = 00:00:27 . Memory (MB): peak = 779.980 ; gain = 522.926
---------------------------------------------------------------------------------
---------------------------------------------------------------------------------
Start Renaming Generated Nets
---------------------------------------------------------------------------------
---------------------------------------------------------------------------------
Finished Renaming Generated Nets : Time (s): cpu = 00:00:22 ; elapsed = 00:00:27 . Memory (MB): peak = 779.980 ; gain = 522.926
---------------------------------------------------------------------------------
---------------------------------------------------------------------------------
Start Writing Synthesis Report
---------------------------------------------------------------------------------

Report BlackBoxes: 
+-+--------------+----------+
| |BlackBox name |Instances |
+-+--------------+----------+
+-+--------------+----------+

Report Cell Usage: 
+------+-------+------+
|      |Cell   |Count |
+------+-------+------+
|1     |BUFG   |     1|
|2     |CARRY4 |    19|
|3     |LUT1   |     2|
|4     |LUT2   |    36|
|5     |LUT3   |    34|
|6     |LUT4   |    24|
|7     |LUT5   |    66|
|8     |LUT6   |    54|
|9     |RAM32M |    12|
|10    |FDCE   |     7|
|11    |FDRE   |    28|
|12    |IBUF   |     2|
|13    |OBUF   |    20|
+------+-------+------+

Report Instance Areas: 
+------+----------------+------------+------+
|      |Instance        |Module      |Cells |
+------+----------------+------------+------+
|1     |top             |            |   305|
|2     |  display       |display_hex |    54|
|3     |  mips1         |mips_top    |   228|
|4     |    mips1       |mips        |   228|
|5     |      dp        |datapath    |   228|
|6     |        mainalu |alu         |    18|
|7     |        pcadd1  |adder       |     2|
|8     |        pcadd2  |adder_0     |     4|
|9     |        pcreg   |flopr       |   189|
|10    |        rf      |regfile     |    15|
+------+----------------+------------+------+
---------------------------------------------------------------------------------
Finished Writing Synthesis Report : Time (s): cpu = 00:00:22 ; elapsed = 00:00:27 . Memory (MB): peak = 779.980 ; gain = 522.926
---------------------------------------------------------------------------------
Synthesis finished with 0 errors, 0 critical warnings and 27 warnings.
Synthesis Optimization Runtime : Time (s): cpu = 00:00:13 ; elapsed = 00:00:19 . Memory (MB): peak = 779.980 ; gain = 184.250
Synthesis Optimization Complete : Time (s): cpu = 00:00:22 ; elapsed = 00:00:27 . Memory (MB): peak = 779.980 ; gain = 522.926
INFO: [Project 1-571] Translating synthesized netlist
INFO: [Netlist 29-17] Analyzing 33 Unisim elements for replacement
INFO: [Netlist 29-28] Unisim Transformation completed in 0 CPU seconds
INFO: [Project 1-570] Preparing netlist for logic optimization
INFO: [Opt 31-138] Pushed 0 inverter(s) to 0 load pin(s).
INFO: [Project 1-111] Unisim Transformation Summary:
  A total of 12 instances were transformed.
  RAM32M => RAM32M (RAMD32, RAMD32, RAMD32, RAMD32, RAMD32, RAMD32, RAMS32, RAMS32): 12 instances

INFO: [Common 17-83] Releasing license: Synthesis
71 Infos, 62 Warnings, 0 Critical Warnings and 0 Errors encountered.
synth_design completed successfully
synth_design: Time (s): cpu = 00:00:23 ; elapsed = 00:00:30 . Memory (MB): peak = 779.980 ; gain = 535.746
WARNING: [Constraints 18-5210] No constraint will be written out.
INFO: [Common 17-1381] The checkpoint 'Z:/jbattista20/CS-401-1-CompArch/Lab03/mips_fpga_nexsys4_ddr/mips.runs/synth_1/computer_top.dcp' has been generated.
INFO: [runtcl-4] Executing : report_utilization -file computer_top_utilization_synth.rpt -pb computer_top_utilization_synth.pb
report_utilization: Time (s): cpu = 00:00:00 ; elapsed = 00:00:00.041 . Memory (MB): peak = 779.980 ; gain = 0.000
INFO: [Common 17-206] Exiting Vivado at Mon Mar  4 19:46:27 2019...
