#-----------------------------------------------------------
# Vivado v2018.2.1 (64-bit)
# SW Build 2288692 on Thu Jul 26 18:24:02 MDT 2018
# IP Build 2289599 on Thu Jul 26 21:09:20 MDT 2018
# Start of session at: Sat Mar  2 15:32:56 2019
# Process ID: 7408
# Current directory: Z:/CS-401-1-CompArch/MIPS_3/mips_fpga_nexsys4_ddr
# Command line: vivado.exe -gui_launcher_event rodinguilauncherevent9924 Z:\CS-401-1-CompArch\MIPS_3\mips_fpga_nexsys4_ddr\mips.xpr
# Log file: Z:/CS-401-1-CompArch/MIPS_3/mips_fpga_nexsys4_ddr/vivado.log
# Journal file: Z:/CS-401-1-CompArch/MIPS_3/mips_fpga_nexsys4_ddr\vivado.jou
#-----------------------------------------------------------sstart_guioopen_project Z:/CS-401-1-CompArch/MIPS_3/mips_fpga_nexsys4_ddr/mips.xpr
INFO: [Project 1-313] Project file moved from 'Z:/CS-401-1-CompArch/Lab03/mips_fpga_nexsys4_ddr' since last save.
Scanning sources...
Finished scanning sources
INFO: [IP_Flow 19-234] Refreshing IP repositories
INFO: [IP_Flow 19-1704] No user IP repositories specifiedIINFO: [IP_Flow 19-2313] Loaded Vivado IP repository 'C:/Xilinx/Vivado/2018.2/data/ip'.oopen_project: Time (s): cpu = 00:00:17 ; elapsed = 00:00:08 . Memory (MB): peak = 900.902 ; gain = 132.586reset_run synth_1
WARNING: [Vivado 12-1017] Problems encountered:
1. Failed to delete one or more files in run directory Z:/CS-401-1-CompArch/MIPS_3/mips_fpga_nexsys4_ddr/mips.runs/synth_1

launch_runs impl_1 -to_step write_bitstream -jobs 8
[Sat Mar  2 16:54:56 2019] Launched synth_1...
Run output will be captured here: Z:/CS-401-1-CompArch/MIPS_3/mips_fpga_nexsys4_ddr/mips.runs/synth_1/runme.log
[Sat Mar  2 16:54:56 2019] Launched impl_1...
Run output will be captured here: Z:/CS-401-1-CompArch/MIPS_3/mips_fpga_nexsys4_ddr/mips.runs/impl_1/runme.log
open_run impl_1
INFO: [Netlist 29-17] Analyzing 65 Unisim elements for replacement
INFO: [Netlist 29-28] Unisim Transformation completed in 0 CPU seconds
INFO: [Project 1-479] Netlist was created with Vivado 2018.2.1
INFO: [Device 21-403] Loading part xc7a100tcsg324-1
INFO: [Project 1-570] Preparing netlist for logic optimization
INFO: [Timing 38-478] Restoring timing data from binary archive.
INFO: [Timing 38-479] Binary timing data restore complete.
INFO: [Project 1-856] Restoring constraints from binary archive.
INFO: [Project 1-853] Binary constraint restore complete.
Reading XDEF placement.
Reading placer database...
Reading XDEF routing.
Read XDEF File: Time (s): cpu = 00:00:00 ; elapsed = 00:00:00.075 . Memory (MB): peak = 1783.340 ; gain = 0.000
Restored from archive | CPU: 0.000000 secs | Memory: 0.000000 MB |
Finished XDEF File Restore: Time (s): cpu = 00:00:00 ; elapsed = 00:00:00.077 . Memory (MB): peak = 1783.340 ; gain = 0.000
INFO: [Project 1-111] Unisim Transformation Summary:
  A total of 44 instances were transformed.
  RAM32M => RAM32M (RAMD32, RAMD32, RAMD32, RAMD32, RAMD32, RAMD32, RAMS32, RAMS32): 12 instances
  RAM64X1S => RAM64X1S (RAMS64E): 32 instances

open_run: Time (s): cpu = 00:00:27 ; elapsed = 00:00:25 . Memory (MB): peak = 1874.656 ; gain = 935.660
WARNING: [Timing 38-313] There are no user specified timing constraints. Timing constraints are needed for proper timing analysis.
launch_simulation
INFO: [Vivado 12-5682] Launching behavioral simulation in 'Z:/CS-401-1-CompArch/MIPS_3/mips_fpga_nexsys4_ddr/mips.sim/sim_1/behav/xsim'
INFO: [SIM-utils-51] Simulation object is 'sim_1'
INFO: [SIM-utils-54] Inspecting design source files for 'mips_testbench' in fileset 'sim_1'...
INFO: [SIM-utils-43] Exported 'Z:/CS-401-1-CompArch/MIPS_3/mips_fpga_nexsys4_ddr/mips.sim/sim_1/behav/xsim/memfile.dat'
INFO: [SIM-utils-43] Exported 'Z:/CS-401-1-CompArch/MIPS_3/mips_fpga_nexsys4_ddr/mips.sim/sim_1/behav/xsim/memfile_2.dat'
INFO: [USF-XSim-97] Finding global include files...
INFO: [USF-XSim-100] Fetching design files from 'sources_1'...(this may take a while)...
INFO: [USF-XSim-101] Fetching design files from 'sim_1'...
INFO: [USF-XSim-2] XSim::Compile design
INFO: [USF-XSim-61] Executing 'COMPILE and ANALYZE' step in 'Z:/CS-401-1-CompArch/MIPS_3/mips_fpga_nexsys4_ddr/mips.sim/sim_1/behav/xsim'
"xvhdl --incr --relax -prj mips_testbench_vhdl.prj"
INFO: [VRFC 10-163] Analyzing VHDL file "Z:/CS-401-1-CompArch/MIPS_3/mips_fpga_nexsys4_ddr/mips.srcs/sources_1/imports/new/mips.vhd" into library xil_defaultlib
INFO: [VRFC 10-307] analyzing entity mips
INFO: [VRFC 10-163] Analyzing VHDL file "Z:/CS-401-1-CompArch/MIPS_3/mips_fpga_nexsys4_ddr/mips.srcs/sources_1/imports/new/mips_mem_instructions.vhd" into library xil_defaultlib
INFO: [VRFC 10-307] analyzing entity imem
INFO: [VRFC 10-163] Analyzing VHDL file "Z:/CS-401-1-CompArch/MIPS_3/mips_fpga_nexsys4_ddr/mips.srcs/sources_1/imports/new/mips_shift_left_by_2.vhd" into library xil_defaultlib
INFO: [VRFC 10-307] analyzing entity sl2
INFO: [VRFC 10-163] Analyzing VHDL file "Z:/CS-401-1-CompArch/MIPS_3/mips_fpga_nexsys4_ddr/mips.srcs/sources_1/imports/new/mips_datapath.vhd" into library xil_defaultlib
INFO: [VRFC 10-307] analyzing entity datapath
INFO: [VRFC 10-163] Analyzing VHDL file "Z:/CS-401-1-CompArch/MIPS_3/mips_fpga_nexsys4_ddr/mips.srcs/sources_1/imports/new/mips_top.vhd" into library xil_defaultlib
INFO: [VRFC 10-307] analyzing entity mips_top
INFO: [VRFC 10-163] Analyzing VHDL file "Z:/CS-401-1-CompArch/MIPS_3/mips_fpga_nexsys4_ddr/mips.srcs/sources_1/imports/new/mips_alu.vhd" into library xil_defaultlib
INFO: [VRFC 10-307] analyzing entity alu
INFO: [VRFC 10-163] Analyzing VHDL file "Z:/CS-401-1-CompArch/MIPS_3/mips_fpga_nexsys4_ddr/mips.srcs/sources_1/imports/new/mips_adder.vhd" into library xil_defaultlib
INFO: [VRFC 10-307] analyzing entity adder
INFO: [VRFC 10-163] Analyzing VHDL file "Z:/CS-401-1-CompArch/MIPS_3/mips_fpga_nexsys4_ddr/mips.srcs/sources_1/imports/new/mips_mem_data.vhd" into library xil_defaultlib
INFO: [VRFC 10-307] analyzing entity dmem
INFO: [VRFC 10-163] Analyzing VHDL file "Z:/CS-401-1-CompArch/MIPS_3/mips_fpga_nexsys4_ddr/mips.srcs/sources_1/imports/new/mips_decoder_alu.vhd" into library xil_defaultlib
INFO: [VRFC 10-307] analyzing entity aludec
INFO: [VRFC 10-163] Analyzing VHDL file "Z:/CS-401-1-CompArch/MIPS_3/mips_fpga_nexsys4_ddr/mips.srcs/sources_1/imports/new/mips_decoder_main.vhd" into library xil_defaultlib
INFO: [VRFC 10-307] analyzing entity maindec
INFO: [VRFC 10-163] Analyzing VHDL file "Z:/CS-401-1-CompArch/MIPS_3/mips_fpga_nexsys4_ddr/mips.srcs/sources_1/imports/new/computer_top.vhd" into library xil_defaultlib
INFO: [VRFC 10-307] analyzing entity computer_top
INFO: [VRFC 10-163] Analyzing VHDL file "Z:/CS-401-1-CompArch/MIPS_3/mips_fpga_nexsys4_ddr/mips.srcs/sources_1/imports/new/mips_controller.vhd" into library xil_defaultlib
INFO: [VRFC 10-307] analyzing entity controller
INFO: [VRFC 10-163] Analyzing VHDL file "Z:/CS-401-1-CompArch/MIPS_3/mips_fpga_nexsys4_ddr/mips.srcs/sources_1/imports/new/mips_register_file.vhd" into library xil_defaultlib
INFO: [VRFC 10-307] analyzing entity regfile
INFO: [VRFC 10-163] Analyzing VHDL file "Z:/CS-401-1-CompArch/MIPS_3/mips_fpga_nexsys4_ddr/mips.srcs/sources_1/imports/new/mips_sign_extender.vhd" into library xil_defaultlib
INFO: [VRFC 10-307] analyzing entity signext
INFO: [VRFC 10-163] Analyzing VHDL file "Z:/CS-401-1-CompArch/MIPS_3/mips_fpga_nexsys4_ddr/mips.srcs/sources_1/imports/new/display_hex.vhd" into library xil_defaultlib
INFO: [VRFC 10-307] analyzing entity display_hex
INFO: [VRFC 10-163] Analyzing VHDL file "Z:/CS-401-1-CompArch/MIPS_3/mips_fpga_nexsys4_ddr/mips.srcs/sources_1/imports/new/mips_flip_flop_register.vhd" into library xil_defaultlib
INFO: [VRFC 10-307] analyzing entity flopr
INFO: [VRFC 10-163] Analyzing VHDL file "Z:/CS-401-1-CompArch/MIPS_3/mips_fpga_nexsys4_ddr/mips.srcs/sources_1/imports/new/mips_multiplexer_2_input.vhd" into library xil_defaultlib
INFO: [VRFC 10-307] analyzing entity mux2
INFO: [VRFC 10-163] Analyzing VHDL file "Z:/CS-401-1-CompArch/MIPS_3/mips_fpga_nexsys4_ddr/mips.srcs/sim_1/imports/Desktop/mips_testbench.vhd" into library xil_defaultlib
INFO: [VRFC 10-307] analyzing entity mips_testbench
INFO: [USF-XSim-69] 'compile' step finished in '2' seconds
INFO: [USF-XSim-3] XSim::Elaborate design
INFO: [USF-XSim-61] Executing 'ELABORATE' step in 'Z:/CS-401-1-CompArch/MIPS_3/mips_fpga_nexsys4_ddr/mips.sim/sim_1/behav/xsim'
Vivado Simulator 2018.2
Copyright 1986-1999, 2001-2018 Xilinx, Inc. All Rights Reserved.
Running: C:/Xilinx/Vivado/2018.2/bin/unwrapped/win64.o/xelab.exe -wto bfc6d33675f34e59a51d26a1983c03b4 --incr --debug typical --relax --mt 2 -L xil_defaultlib -L secureip --snapshot mips_testbench_behav xil_defaultlib.mips_testbench -log elaborate.log 
Using 2 slave threads.
Starting static elaboration
Completed static elaboration
Starting simulation data flow analysis
Completed simulation data flow analysis
Time Resolution for simulation is 1ps
Compiling package std.standard
Compiling package std.textio
Compiling package ieee.std_logic_1164
Compiling package ieee.std_logic_arith
Compiling package ieee.std_logic_unsigned
Compiling package ieee.numeric_std
Compiling package ieee.math_real
Compiling architecture behave of entity xil_defaultlib.maindec [maindec_default]
Compiling architecture behave of entity xil_defaultlib.aludec [aludec_default]
Compiling architecture struct of entity xil_defaultlib.controller [controller_default]
Compiling architecture asynchronous of entity xil_defaultlib.flopr [\flopr(width=32)\]
Compiling architecture behave of entity xil_defaultlib.adder [\adder(width=32)\]
Compiling architecture behave of entity xil_defaultlib.sl2 [\sl2(width=32)\]
Compiling architecture behave of entity xil_defaultlib.mux2 [\mux2(width=32)\]
Compiling architecture behave of entity xil_defaultlib.regfile [\regfile(width=32)\]
Compiling architecture behave of entity xil_defaultlib.mux2 [\mux2(width=5)\]
Compiling architecture behave of entity xil_defaultlib.signext [\signext(width=32)\]
Compiling architecture behave of entity xil_defaultlib.alu [\alu(width=32)\]
Compiling architecture struct of entity xil_defaultlib.datapath [\datapath(width=32)\]
Compiling architecture struct of entity xil_defaultlib.mips [\mips(width=32)\]
Compiling architecture behave of entity xil_defaultlib.imem [\imem(width=32)\]
Compiling architecture behave of entity xil_defaultlib.dmem [\dmem(width=32)\]
Compiling architecture mips_top of entity xil_defaultlib.mips_top [mips_top_default]
Compiling architecture mips_testbench of entity xil_defaultlib.mips_testbench
Built simulation snapshot mips_testbench_behav

****** Webtalk v2018.2.1 (64-bit)
  **** SW Build 2288692 on Thu Jul 26 18:24:02 MDT 2018
  **** IP Build 2289599 on Thu Jul 26 21:09:20 MDT 2018
    ** Copyright 1986-2018 Xilinx, Inc. All Rights Reserved.

source Z:/CS-401-1-CompArch/MIPS_3/mips_fpga_nexsys4_ddr/mips.sim/sim_1/behav/xsim/xsim.dir/mips_testbench_behav/webtalk/xsim_webtalk.tcl -notrace
INFO: [Common 17-186] 'Z:/CS-401-1-CompArch/MIPS_3/mips_fpga_nexsys4_ddr/mips.sim/sim_1/behav/xsim/xsim.dir/mips_testbench_behav/webtalk/usage_statistics_ext_xsim.xml' has been successfully sent to Xilinx on Sat Mar  2 17:06:34 2019. For additional details about this file, please refer to the WebTalk help file at C:/Xilinx/Vivado/2018.2/doc/webtalk_introduction.html.
INFO: [Common 17-206] Exiting Webtalk at Sat Mar  2 17:06:34 2019...
run_program: Time (s): cpu = 00:00:01 ; elapsed = 00:00:13 . Memory (MB): peak = 1880.980 ; gain = 0.000
INFO: [USF-XSim-69] 'elaborate' step finished in '13' seconds
INFO: [USF-XSim-4] XSim::Simulate design
INFO: [USF-XSim-61] Executing 'SIMULATE' step in 'Z:/CS-401-1-CompArch/MIPS_3/mips_fpga_nexsys4_ddr/mips.sim/sim_1/behav/xsim'
INFO: [USF-XSim-98] *** Running xsim
   with args "mips_testbench_behav -key {Behavioral:sim_1:Functional:mips_testbench} -tclbatch {mips_testbench.tcl} -log {simulate.log}"
INFO: [USF-XSim-8] Loading simulator feature
Vivado Simulator 2018.2
Time resolution is 1 ps
source mips_testbench.tcl
# set curr_wave [current_wave_config]
# if { [string length $curr_wave] == 0 } {
#   if { [llength [get_objects]] > 0} {
#     add_wave /
#     set_property needs_save false [current_wave_config]
#   } else {
#      send_msg_id Add_Wave-1 WARNING "No top level signals found. Simulator will start without a wave window. If you want to open a wave window go to 'File->New Waveform Configuration' or type 'create_wave_config' in the TCL console."
#   }
# }
# run 1000ns
INFO: [USF-XSim-96] XSim completed. Design snapshot 'mips_testbench_behav' loaded.
INFO: [USF-XSim-97] XSim simulation ran for 1000ns
launch_simulation: Time (s): cpu = 00:00:08 ; elapsed = 00:00:20 . Memory (MB): peak = 1891.250 ; gain = 10.270
restart
INFO: [Simtcl 6-17] Simulation restarted
run 140 ns
close_sim
INFO: [Simtcl 6-16] Simulation closed
launch_simulation
INFO: [Vivado 12-5682] Launching behavioral simulation in 'Z:/CS-401-1-CompArch/MIPS_3/mips_fpga_nexsys4_ddr/mips.sim/sim_1/behav/xsim'
INFO: [SIM-utils-51] Simulation object is 'sim_1'
INFO: [SIM-utils-54] Inspecting design source files for 'mips_testbench' in fileset 'sim_1'...
INFO: [SIM-utils-43] Exported 'Z:/CS-401-1-CompArch/MIPS_3/mips_fpga_nexsys4_ddr/mips.sim/sim_1/behav/xsim/memfile.dat'
INFO: [SIM-utils-43] Exported 'Z:/CS-401-1-CompArch/MIPS_3/mips_fpga_nexsys4_ddr/mips.sim/sim_1/behav/xsim/memfile_2.dat'
INFO: [USF-XSim-97] Finding global include files...
INFO: [USF-XSim-100] Fetching design files from 'sources_1'...(this may take a while)...
INFO: [USF-XSim-101] Fetching design files from 'sim_1'...
INFO: [USF-XSim-2] XSim::Compile design
INFO: [USF-XSim-61] Executing 'COMPILE and ANALYZE' step in 'Z:/CS-401-1-CompArch/MIPS_3/mips_fpga_nexsys4_ddr/mips.sim/sim_1/behav/xsim'
"xvhdl --incr --relax -prj mips_testbench_vhdl.prj"
INFO: [VRFC 10-163] Analyzing VHDL file "Z:/CS-401-1-CompArch/MIPS_3/mips_fpga_nexsys4_ddr/mips.srcs/sources_1/imports/new/mips_mem_instructions.vhd" into library xil_defaultlib
INFO: [VRFC 10-307] analyzing entity imem
INFO: [USF-XSim-69] 'compile' step finished in '2' seconds
INFO: [USF-XSim-3] XSim::Elaborate design
INFO: [USF-XSim-61] Executing 'ELABORATE' step in 'Z:/CS-401-1-CompArch/MIPS_3/mips_fpga_nexsys4_ddr/mips.sim/sim_1/behav/xsim'
Vivado Simulator 2018.2
Copyright 1986-1999, 2001-2018 Xilinx, Inc. All Rights Reserved.
Running: C:/Xilinx/Vivado/2018.2/bin/unwrapped/win64.o/xelab.exe -wto bfc6d33675f34e59a51d26a1983c03b4 --incr --debug typical --relax --mt 2 -L xil_defaultlib -L secureip --snapshot mips_testbench_behav xil_defaultlib.mips_testbench -log elaborate.log 
Using 2 slave threads.
Starting static elaboration
Completed static elaboration
Starting simulation data flow analysis
Completed simulation data flow analysis
Time Resolution for simulation is 1ps
Compiling package std.standard
Compiling package std.textio
Compiling package ieee.std_logic_1164
Compiling package ieee.std_logic_arith
Compiling package ieee.std_logic_unsigned
Compiling package ieee.numeric_std
Compiling package ieee.math_real
Compiling architecture behave of entity xil_defaultlib.maindec [maindec_default]
Compiling architecture behave of entity xil_defaultlib.aludec [aludec_default]
Compiling architecture struct of entity xil_defaultlib.controller [controller_default]
Compiling architecture asynchronous of entity xil_defaultlib.flopr [\flopr(width=32)\]
Compiling architecture behave of entity xil_defaultlib.adder [\adder(width=32)\]
Compiling architecture behave of entity xil_defaultlib.sl2 [\sl2(width=32)\]
Compiling architecture behave of entity xil_defaultlib.mux2 [\mux2(width=32)\]
Compiling architecture behave of entity xil_defaultlib.regfile [\regfile(width=32)\]
Compiling architecture behave of entity xil_defaultlib.mux2 [\mux2(width=5)\]
Compiling architecture behave of entity xil_defaultlib.signext [\signext(width=32)\]
Compiling architecture behave of entity xil_defaultlib.alu [\alu(width=32)\]
Compiling architecture struct of entity xil_defaultlib.datapath [\datapath(width=32)\]
Compiling architecture struct of entity xil_defaultlib.mips [\mips(width=32)\]
Compiling architecture behave of entity xil_defaultlib.imem [\imem(width=32)\]
Compiling architecture behave of entity xil_defaultlib.dmem [\dmem(width=32)\]
Compiling architecture mips_top of entity xil_defaultlib.mips_top [mips_top_default]
Compiling architecture mips_testbench of entity xil_defaultlib.mips_testbench
Built simulation snapshot mips_testbench_behav
INFO: [USF-XSim-69] 'elaborate' step finished in '4' seconds
INFO: [USF-XSim-4] XSim::Simulate design
INFO: [USF-XSim-61] Executing 'SIMULATE' step in 'Z:/CS-401-1-CompArch/MIPS_3/mips_fpga_nexsys4_ddr/mips.sim/sim_1/behav/xsim'
INFO: [USF-XSim-98] *** Running xsim
   with args "mips_testbench_behav -key {Behavioral:sim_1:Functional:mips_testbench} -tclbatch {mips_testbench.tcl} -log {simulate.log}"
INFO: [USF-XSim-8] Loading simulator feature
Vivado Simulator 2018.2
Time resolution is 1 ps
source mips_testbench.tcl
# set curr_wave [current_wave_config]
# if { [string length $curr_wave] == 0 } {
#   if { [llength [get_objects]] > 0} {
#     add_wave /
#     set_property needs_save false [current_wave_config]
#   } else {
#      send_msg_id Add_Wave-1 WARNING "No top level signals found. Simulator will start without a wave window. If you want to open a wave window go to 'File->New Waveform Configuration' or type 'create_wave_config' in the TCL console."
#   }
# }
# run 1000ns
INFO: [USF-XSim-96] XSim completed. Design snapshot 'mips_testbench_behav' loaded.
INFO: [USF-XSim-97] XSim simulation ran for 1000ns
launch_simulation: Time (s): cpu = 00:00:02 ; elapsed = 00:00:10 . Memory (MB): peak = 1898.129 ; gain = 0.000
restart
INFO: [Simtcl 6-17] Simulation restarted
run 140 ns
run 140 ns
----------------------------------------------------------------
Finished RTL Elaboration : Time (s): cpu = 00:00:03 ; elapsed = 00:00:03 . Memory (MB): peak = 1100.469 ; gain = 150.441
---------------------------------------------------------------------------------

Report Check Netlist: 
+------+------------------+-------+---------+-------+------------------+
|      |Item              |Errors |Warnings |Status |Description       |
+------+------------------+-------+---------+-------+------------------+
|1     |multi_driven_nets |      0|        0|Passed |Multi driven nets |
+------+------------------+-------+---------+-------+------------------+
---------------------------------------------------------------------------------
Start Handling Custom Attributes
---------------------------------------------------------------------------------
---------------------------------------------------------------------------------
Finished Handling Custom Attributes : Time (s): cpu = 00:00:04 ; elapsed = 00:00:04 . Memory (MB): peak = 1100.469 ; gain = 150.441
---------------------------------------------------------------------------------
---------------------------------------------------------------------------------
Finished RTL Optimization Phase 1 : Time (s): cpu = 00:00:04 ; elapsed = 00:00:04 . Memory (MB): peak = 1100.469 ; gain = 150.441
---------------------------------------------------------------------------------
INFO: [Device 21-403] Loading part xc7a100tcsg324-1
INFO: [Project 1-570] Preparing netlist for logic optimization
INFO: [Opt 31-141] Inserted 1 OBUFs to IO ports without IO buffers.

Processing XDC Constraints
Initializing timing engine
Parsing XDC File [Z:/CS-401-1-CompArch/MIPS_3/mips_fpga_nexsys4_ddr/mips.srcs/constrs_1/imports/Desktop/Nexys4DDR_Master.xdc]
Finished Parsing XDC File [Z:/CS-401-1-CompArch/MIPS_3/mips_fpga_nexsys4_ddr/mips.srcs/constrs_1/imports/Desktop/Nexys4DDR_Master.xdc]
Completed Processing XDC Constraints

INFO: [Opt 31-138] Pushed 0 inverter(s) to 0 load pin(s).
INFO: [Project 1-111] Unisim Transformation Summary:
No Unisim elements were transformed.

RTL Elaboration Complete:  : Time (s): cpu = 00:00:20 ; elapsed = 00:00:15 . Memory (MB): peak = 1437.715 ; gain = 487.688
63 Infos, 35 Warnings, 0 Critical Warnings and 0 Errors encountered.
synth_design completed successfully
synth_design: Time (s): cpu = 00:00:20 ; elapsed = 00:00:16 . Memory (MB): peak = 1437.715 ; gain = 487.688
WARNING: [Common 17-9] Error reading message records.
WARNING: [Common 17-9] Error reading message records.
WARNING: [Common 17-9] Error reading message records.
