Copyright 1986-2018 Xilinx, Inc. All Rights Reserved.
----------------------------------------------------------------------------------------------------------------------------------------------------------
| Tool Version     : Vivado v.2018.2.1 (win64) Build 2288692 Thu Jul 26 18:24:02 MDT 2018
| Date             : Mon Mar  4 19:47:59 2019
| Host             : LAB-SCI-214-01 running 64-bit major release  (build 9200)
| Command          : report_power -file computer_top_power_routed.rpt -pb computer_top_power_summary_routed.pb -rpx computer_top_power_routed.rpx
| Design           : computer_top
| Device           : xc7a100tcsg324-1
| Design State     : routed
| Grade            : commercial
| Process          : typical
| Characterization : Production
----------------------------------------------------------------------------------------------------------------------------------------------------------

Power Report

Table of Contents
-----------------
1. Summary
1.1 On-Chip Components
1.2 Power Supply Summary
1.3 Confidence Level
2. Settings
2.1 Environment
2.2 Clock Constraints
3. Detailed Reports
3.1 By Hierarchy

1. Summary
----------

+--------------------------+--------------+
| Total On-Chip Power (W)  | 10.790       |
| Design Power Budget (W)  | Unspecified* |
| Power Budget Margin (W)  | NA           |
| Dynamic (W)              | 10.583       |
| Device Static (W)        | 0.207        |
| Effective TJA (C/W)      | 4.6          |
| Max Ambient (C)          | 35.8         |
| Junction Temperature (C) | 74.2         |
| Confidence Level         | Low          |
| Setting File             | ---          |
| Simulation Activity File | ---          |
| Design Nets Matched      | NA           |
+--------------------------+--------------+
* Specify Design Power Budget using, set_operating_conditions -design_power_budget <value in Watts>


1.1 On-Chip Components
----------------------

+--------------------------+-----------+----------+-----------+-----------------+
| On-Chip                  | Power (W) | Used     | Available | Utilization (%) |
+--------------------------+-----------+----------+-----------+-----------------+
| Slice Logic              |     1.100 |      376 |       --- |             --- |
|   LUT as Logic           |     0.915 |      162 |     63400 |            0.26 |
|   LUT as Distributed RAM |     0.113 |       48 |     19000 |            0.25 |
|   CARRY4                 |     0.046 |       19 |     15850 |            0.12 |
|   Register               |     0.014 |       35 |    126800 |            0.03 |
|   BUFG                   |     0.012 |        2 |        32 |            6.25 |
|   Others                 |     0.000 |        8 |       --- |             --- |
| Signals                  |     1.095 |      308 |       --- |             --- |
| I/O                      |     8.388 |       22 |       210 |           10.48 |
| Static Power             |     0.207 |          |           |                 |
| Total                    |    10.790 |          |           |                 |
+--------------------------+-----------+----------+-----------+-----------------+


1.2 Power Supply Summary
------------------------

+-----------+-------------+-----------+-------------+------------+
| Source    | Voltage (V) | Total (A) | Dynamic (A) | Static (A) |
+-----------+-------------+-----------+-------------+------------+
| Vccint    |       1.000 |     2.301 |       2.199 |      0.103 |
| Vccaux    |       1.800 |     0.336 |       0.307 |      0.029 |
| Vcco33    |       3.300 |     2.377 |       2.373 |      0.004 |
| Vcco25    |       2.500 |     0.000 |       0.000 |      0.000 |
| Vcco18    |       1.800 |     0.000 |       0.000 |      0.000 |
| Vcco15    |       1.500 |     0.000 |       0.000 |      0.000 |
| Vcco135   |       1.350 |     0.000 |       0.000 |      0.000 |
| Vcco12    |       1.200 |     0.000 |       0.000 |      0.000 |
| Vccaux_io |       1.800 |     0.000 |       0.000 |      0.000 |
| Vccbram   |       1.000 |     0.002 |       0.000 |      0.002 |
| MGTAVcc   |       1.000 |     0.000 |       0.000 |      0.000 |
| MGTAVtt   |       1.200 |     0.000 |       0.000 |      0.000 |
| Vccadc    |       1.800 |     0.020 |       0.000 |      0.020 |
+-----------+-------------+-----------+-------------+------------+


1.3 Confidence Level
--------------------

+-----------------------------+------------+--------------------------------------------------------+--------------------------------------------------------------------------------------------------------------------+
| User Input Data             | Confidence | Details                                                | Action                                                                                                             |
+-----------------------------+------------+--------------------------------------------------------+--------------------------------------------------------------------------------------------------------------------+
| Design implementation state | High       | Design is routed                                       |                                                                                                                    |
| Clock nodes activity        | Low        | User specified less than 75% of clocks                 | Provide missing clock activity with a constraint file, simulation results or by editing the "By Clock Domain" view |
| I/O nodes activity          | Low        | More than 75% of inputs are missing user specification | Provide missing input activity with simulation results or by editing the "By Resource Type -> I/Os" view           |
| Internal nodes activity     | Medium     | User specified less than 25% of internal nodes         | Provide missing internal nodes activity with simulation results or by editing the "By Resource Type" views         |
| Device models               | High       | Device models are Production                           |                                                                                                                    |
|                             |            |                                                        |                                                                                                                    |
| Overall confidence level    | Low        |                                                        |                                                                                                                    |
+-----------------------------+------------+--------------------------------------------------------+--------------------------------------------------------------------------------------------------------------------+


2. Settings
-----------

2.1 Environment
---------------

+-----------------------+--------------------------+
| Ambient Temp (C)      | 25.0                     |
| ThetaJA (C/W)         | 4.6                      |
| Airflow (LFM)         | 250                      |
| Heat Sink             | medium (Medium Profile)  |
| ThetaSA (C/W)         | 4.6                      |
| Board Selection       | medium (10"x10")         |
| # of Board Layers     | 12to15 (12 to 15 Layers) |
| Board Temperature (C) | 25.0                     |
+-----------------------+--------------------------+


2.2 Clock Constraints
---------------------

+-------+--------+-----------------+
| Clock | Domain | Constraint (ns) |
+-------+--------+-----------------+


3. Detailed Reports
-------------------

3.1 By Hierarchy
----------------

+---------------------------------+-----------+
| Name                            | Power (W) |
+---------------------------------+-----------+
| computer_top                    |    10.583 |
|   display                       |     0.197 |
|   mips1                         |     1.985 |
|     mips1                       |     1.985 |
|       dp                        |     1.985 |
|         mainalu                 |     0.187 |
|         pcadd1                  |     0.042 |
|         pcadd2                  |     0.034 |
|         pcreg                   |     1.549 |
|         rf                      |     0.172 |
|           mem_reg_r1_0_31_0_5   |     0.017 |
|           mem_reg_r1_0_31_12_17 |     0.016 |
|           mem_reg_r1_0_31_18_23 |     0.015 |
|           mem_reg_r1_0_31_24_29 |     0.014 |
|           mem_reg_r1_0_31_30_31 |     0.005 |
|           mem_reg_r1_0_31_6_11  |     0.016 |
|           mem_reg_r2_0_31_0_5   |     0.015 |
|           mem_reg_r2_0_31_12_17 |     0.016 |
|           mem_reg_r2_0_31_18_23 |     0.015 |
|           mem_reg_r2_0_31_24_29 |     0.015 |
|           mem_reg_r2_0_31_30_31 |     0.006 |
|           mem_reg_r2_0_31_6_11  |     0.015 |
+---------------------------------+-----------+


